<?xml version="1.0" encoding="UTF-8"?>
<!-- Generated by org.testng.reporters.JUnitXMLReporter -->
<testsuite ignored="0" hostname="DESKTOP-BK06JN0" failures="0" tests="4" name="Default test" time="45.163" errors="0" timestamp="2025-10-25T13:58:44 IST">
  <testcase classname="com.api.tests.UserCRUDTest" name="testCreateUser" time="13.259"/>
  <testcase classname="com.api.tests.UserCRUDTest" name="testGetUser" time="11.38"/>
  <testcase classname="com.api.tests.UserCRUDTest" name="testUpdateUser" time="12.574"/>
  <testcase classname="com.api.tests.UserCRUDTest" name="testDeleteUser" time="7.533"/>
</testsuite> <!-- Default test -->
