<?xml version="1.0" encoding="UTF-8"?>
<testng-results ignored="0" total="4" passed="4" failed="0" skipped="0">
  <reporter-output>
  </reporter-output>
  <suite started-at="2025-10-25T13:57:59 IST" name="Default suite" finished-at="2025-10-25T13:58:44 IST" duration-ms="45163">
    <groups>
    </groups>
    <test started-at="2025-10-25T13:57:59 IST" name="Default test" finished-at="2025-10-25T13:58:44 IST" duration-ms="45163">
      <class name="com.api.tests.UserCRUDTest">
        <test-method is-config="true" signature="setup()[pri:0, instance:com.api.tests.UserCRUDTest@6989da5e]" started-at="2025-10-25T13:57:59 IST" name="setup" finished-at="2025-10-25T13:57:59 IST" duration-ms="374" status="PASS">
          <reporter-output>
          </reporter-output>
        </test-method> <!-- setup -->
        <test-method signature="testCreateUser()[pri:1, instance:com.api.tests.UserCRUDTest@6989da5e]" started-at="2025-10-25T13:57:59 IST" name="testCreateUser" finished-at="2025-10-25T13:58:13 IST" duration-ms="13259" status="PASS">
          <reporter-output>
          </reporter-output>
        </test-method> <!-- testCreateUser -->
        <test-method signature="testGetUser()[pri:2, instance:com.api.tests.UserCRUDTest@6989da5e]" started-at="2025-10-25T13:58:13 IST" name="testGetUser" finished-at="2025-10-25T13:58:24 IST" duration-ms="11380" status="PASS">
          <reporter-output>
          </reporter-output>
        </test-method> <!-- testGetUser -->
        <test-method signature="testUpdateUser()[pri:3, instance:com.api.tests.UserCRUDTest@6989da5e]" started-at="2025-10-25T13:58:24 IST" name="testUpdateUser" finished-at="2025-10-25T13:58:36 IST" duration-ms="12574" status="PASS">
          <reporter-output>
          </reporter-output>
        </test-method> <!-- testUpdateUser -->
        <test-method signature="testDeleteUser()[pri:4, instance:com.api.tests.UserCRUDTest@6989da5e]" started-at="2025-10-25T13:58:36 IST" name="testDeleteUser" finished-at="2025-10-25T13:58:44 IST" duration-ms="7533" status="PASS">
          <reporter-output>
          </reporter-output>
        </test-method> <!-- testDeleteUser -->
      </class> <!-- com.api.tests.UserCRUDTest -->
    </test> <!-- Default test -->
  </suite> <!-- Default suite -->
</testng-results>
