<?xml version="1.0" encoding="UTF-8"?>
<testng-results ignored="0" total="4" passed="4" failed="0" skipped="0">
  <reporter-output>
  </reporter-output>
  <suite started-at="2025-10-25T13:05:53 IST" name="Default suite" finished-at="2025-10-25T13:06:19 IST" duration-ms="25850">
    <groups>
    </groups>
    <test started-at="2025-10-25T13:05:53 IST" name="Default test" finished-at="2025-10-25T13:06:19 IST" duration-ms="25850">
      <class name="com.api.tests.UserCRUDTest">
        <test-method is-config="true" signature="setup()[pri:0, instance:com.api.tests.UserCRUDTest@6989da5e]" started-at="2025-10-25T13:05:53 IST" name="setup" finished-at="2025-10-25T13:05:53 IST" duration-ms="330" status="PASS">
          <reporter-output>
          </reporter-output>
        </test-method> <!-- setup -->
        <test-method signature="testCreateUser()[pri:1, instance:com.api.tests.UserCRUDTest@6989da5e]" started-at="2025-10-25T13:05:53 IST" name="testCreateUser" finished-at="2025-10-25T13:06:01 IST" duration-ms="7998" status="PASS">
          <reporter-output>
          </reporter-output>
        </test-method> <!-- testCreateUser -->
        <test-method signature="testGetUser()[pri:2, instance:com.api.tests.UserCRUDTest@6989da5e]" started-at="2025-10-25T13:06:01 IST" name="testGetUser" finished-at="2025-10-25T13:06:04 IST" duration-ms="2375" status="PASS">
          <reporter-output>
          </reporter-output>
        </test-method> <!-- testGetUser -->
        <test-method signature="testUpdateUser()[pri:3, instance:com.api.tests.UserCRUDTest@6989da5e]" started-at="2025-10-25T13:06:04 IST" name="testUpdateUser" finished-at="2025-10-25T13:06:15 IST" duration-ms="11561" status="PASS">
          <reporter-output>
          </reporter-output>
        </test-method> <!-- testUpdateUser -->
        <test-method signature="testDeleteUser()[pri:4, instance:com.api.tests.UserCRUDTest@6989da5e]" started-at="2025-10-25T13:06:15 IST" name="testDeleteUser" finished-at="2025-10-25T13:06:19 IST" duration-ms="3542" status="PASS">
          <reporter-output>
          </reporter-output>
        </test-method> <!-- testDeleteUser -->
      </class> <!-- com.api.tests.UserCRUDTest -->
    </test> <!-- Default test -->
  </suite> <!-- Default suite -->
</testng-results>
